wandb: Starting wandb agent 🕵️
2021-11-02 10:37:42,603 - wandb.wandb_agent - INFO - Running runs: []
2021-11-02 10:37:43,055 - wandb.wandb_agent - INFO - Agent received command: run
2021-11-02 10:37:43,055 - wandb.wandb_agent - INFO - Agent starting run with config:
	ac_update_ratio: 2
	confidence_scale: 9.82029510351329
	target_entropy: -1.674405106121533
	use_entropy: False
2021-11-02 10:37:43,076 - wandb.wandb_agent - INFO - About to run command: python3 src/main.py --train --wandb
2021-11-02 10:37:48,087 - wandb.wandb_agent - INFO - Running runs: ['s1r97nc7']
wandb: Currently logged in as: jjshoots (use `wandb login --relogin` to force relogin)
wandb: WARNING Ignored wandb.init() arg project when running a sweep
wandb: WARNING Ignored wandb.init() arg entity when running a sweep
-----------------------
Using Device cuda:0
-----------------------
wandb: wandb version 0.12.6 is available!  To upgrade, please run:
wandb:  $ pip install wandb --upgrade
wandb: Tracking run with wandb version 0.12.0
wandb: Syncing run 67821
wandb:  View project at https://wandb.ai/jjshoots/UA3SAC_gym
wandb:  View sweep at https://wandb.ai/jjshoots/UA3SAC_gym/sweeps/nktx8eqi
wandb:  View run at https://wandb.ai/jjshoots/UA3SAC_gym/runs/s1r97nc7
wandb: Run data is saved locally in /home/taij/e2sac/wandb/run-20211102_103748-s1r97nc7
wandb: Run `wandb offline` to turn off syncing.
