srun: error: resolve_ctls_from_dns_srv: res_nsearch error: Unknown host
srun: error: fetch_config: DNS SRV lookup failed
srun: error: _establish_config_source: failed to fetch config
srun: fatal: Could not establish a configuration source
wandb: Starting wandb agent 🕵️
2021-11-02 10:37:40,433 - wandb.wandb_agent - INFO - Running runs: []
2021-11-02 10:37:40,708 - wandb.wandb_agent - INFO - Agent received command: run
2021-11-02 10:37:40,708 - wandb.wandb_agent - INFO - Agent starting run with config:
	ac_update_ratio: 3
	confidence_scale: 2.7267650935583587
	target_entropy: 0.5190155544636688
	use_entropy: True
2021-11-02 10:37:40,732 - wandb.wandb_agent - INFO - About to run command: python3 src/main.py --train --wandb
wandb: Currently logged in as: jjshoots (use `wandb login --relogin` to force relogin)
wandb: WARNING Ignored wandb.init() arg project when running a sweep
wandb: WARNING Ignored wandb.init() arg entity when running a sweep
-----------------------
Using Device cuda:0
-----------------------
2021-11-02 10:37:45,742 - wandb.wandb_agent - INFO - Running runs: ['svo1970v']
wandb: wandb version 0.12.6 is available!  To upgrade, please run:
wandb:  $ pip install wandb --upgrade
wandb: Tracking run with wandb version 0.12.0
wandb: Syncing run 65593
wandb:  View project at https://wandb.ai/jjshoots/UA3SAC_gym
wandb:  View sweep at https://wandb.ai/jjshoots/UA3SAC_gym/sweeps/nktx8eqi
wandb:  View run at https://wandb.ai/jjshoots/UA3SAC_gym/runs/svo1970v
wandb: Run data is saved locally in /home/taij/e2sac/wandb/run-20211102_103745-svo1970v
wandb: Run `wandb offline` to turn off syncing.
