wandb: Starting wandb agent 🕵️
2021-11-04 00:08:49,008 - wandb.wandb_agent - INFO - Running runs: []
2021-11-04 00:08:49,519 - wandb.wandb_agent - INFO - Agent received command: run
2021-11-04 00:08:49,519 - wandb.wandb_agent - INFO - Agent starting run with config:
	ac_update_ratio: 5
	confidence_scale: 8.446017203249811
	target_entropy: -1.9346959440578169
	use_entropy: True
2021-11-04 00:08:49,542 - wandb.wandb_agent - INFO - About to run command: python3 src/main.py --train --wandb
2021-11-04 00:08:54,551 - wandb.wandb_agent - INFO - Running runs: ['las48b3c']
wandb: Currently logged in as: jjshoots (use `wandb login --relogin` to force relogin)
wandb: WARNING Ignored wandb.init() arg project when running a sweep
wandb: WARNING Ignored wandb.init() arg entity when running a sweep
-----------------------
Using Device cuda:0
-----------------------
wandb: wandb version 0.12.6 is available!  To upgrade, please run:
wandb:  $ pip install wandb --upgrade
wandb: Tracking run with wandb version 0.12.0
wandb: Syncing run 24228
wandb:  View project at https://wandb.ai/jjshoots/UA3SAC_gym
wandb:  View sweep at https://wandb.ai/jjshoots/UA3SAC_gym/sweeps/nktx8eqi
wandb:  View run at https://wandb.ai/jjshoots/UA3SAC_gym/runs/las48b3c
wandb: Run data is saved locally in /home/taij/e2sac/wandb/run-20211104_000902-las48b3c
wandb: Run `wandb offline` to turn off syncing.
2021-11-04 12:44:04,334 - wandb.wandb_agent - INFO - Agent received command: stop
2021-11-04 12:44:04,334 - wandb.wandb_agent - INFO - Stop: las48b3c
2021-11-04 12:44:09,340 - wandb.wandb_agent - INFO - Cleaning up finished run: las48b3c
wandb: Terminating and syncing runs. Press ctrl-c to kill.
/home/taij/.conda/envs/robocar/lib/python3.8/multiprocessing/resource_tracker.py:216: UserWarning: resource_tracker: There appear to be 6 leaked semaphore objects to clean up at shutdown
  warnings.warn('resource_tracker: There appear to be %d '
