wandb: Starting wandb agent 🕵️
2021-11-03 19:52:49,079 - wandb.wandb_agent - INFO - Running runs: []
2021-11-03 19:52:49,402 - wandb.wandb_agent - INFO - Agent received command: run
2021-11-03 19:52:49,402 - wandb.wandb_agent - INFO - Agent starting run with config:
	ac_update_ratio: 3
	confidence_scale: 5.776947617172083
	target_entropy: 1.844737395287917
	use_entropy: False
2021-11-03 19:52:49,407 - wandb.wandb_agent - INFO - About to run command: python3 src/main.py --train --wandb
2021-11-03 19:52:54,416 - wandb.wandb_agent - INFO - Running runs: ['2qf302r6']
wandb: Currently logged in as: jjshoots (use `wandb login --relogin` to force relogin)
wandb: WARNING Ignored wandb.init() arg project when running a sweep
wandb: WARNING Ignored wandb.init() arg entity when running a sweep
-----------------------
Using Device cuda:0
-----------------------
wandb: wandb version 0.12.6 is available!  To upgrade, please run:
wandb:  $ pip install wandb --upgrade
wandb: Tracking run with wandb version 0.12.0
wandb: Syncing run 19751
wandb:  View project at https://wandb.ai/jjshoots/UA3SAC_gym
wandb:  View sweep at https://wandb.ai/jjshoots/UA3SAC_gym/sweeps/nktx8eqi
wandb:  View run at https://wandb.ai/jjshoots/UA3SAC_gym/runs/2qf302r6
wandb: Run data is saved locally in /home/taij/e2sac/wandb/run-20211103_195254-2qf302r6
wandb: Run `wandb offline` to turn off syncing.
