wandb: Starting wandb agent 🕵️
2021-11-03 12:02:06,626 - wandb.wandb_agent - INFO - Running runs: []
2021-11-03 12:02:07,014 - wandb.wandb_agent - INFO - Agent received command: run
2021-11-03 12:02:07,015 - wandb.wandb_agent - INFO - Agent starting run with config:
	ac_update_ratio: 5
	confidence_scale: 3.762630479277035
	target_entropy: 1.8304627047980504
	use_entropy: False
2021-11-03 12:02:07,036 - wandb.wandb_agent - INFO - About to run command: python3 src/main.py --train --wandb
2021-11-03 12:02:12,047 - wandb.wandb_agent - INFO - Running runs: ['1cd17l39']
wandb: Currently logged in as: jjshoots (use `wandb login --relogin` to force relogin)
wandb: WARNING Ignored wandb.init() arg project when running a sweep
wandb: WARNING Ignored wandb.init() arg entity when running a sweep
-----------------------
Using Device cuda:0
-----------------------
wandb: wandb version 0.12.6 is available!  To upgrade, please run:
wandb:  $ pip install wandb --upgrade
wandb: Tracking run with wandb version 0.12.0
wandb: Syncing run 77454
wandb:  View project at https://wandb.ai/jjshoots/UA3SAC_gym
wandb:  View sweep at https://wandb.ai/jjshoots/UA3SAC_gym/sweeps/nktx8eqi
wandb:  View run at https://wandb.ai/jjshoots/UA3SAC_gym/runs/1cd17l39
wandb: Run data is saved locally in /home/taij/e2sac/wandb/run-20211103_120217-1cd17l39
wandb: Run `wandb offline` to turn off syncing.
