wandb: Starting wandb agent 🕵️
2021-11-03 14:33:16,867 - wandb.wandb_agent - INFO - Running runs: []
2021-11-03 14:33:17,221 - wandb.wandb_agent - INFO - Agent received command: run
2021-11-03 14:33:17,221 - wandb.wandb_agent - INFO - Agent starting run with config:
	ac_update_ratio: 5
	confidence_scale: 6.680281053420426
	target_entropy: 1.9632117909100018
	use_entropy: False
2021-11-03 14:33:17,226 - wandb.wandb_agent - INFO - About to run command: python3 src/main.py --train --wandb
wandb: Currently logged in as: jjshoots (use `wandb login --relogin` to force relogin)
wandb: WARNING Ignored wandb.init() arg project when running a sweep
wandb: WARNING Ignored wandb.init() arg entity when running a sweep
-----------------------
Using Device cuda:0
-----------------------
wandb: wandb version 0.12.6 is available!  To upgrade, please run:
wandb:  $ pip install wandb --upgrade
2021-11-03 14:33:22,236 - wandb.wandb_agent - INFO - Running runs: ['7rrukero']
wandb: Tracking run with wandb version 0.12.0
wandb: Syncing run 54812
wandb:  View project at https://wandb.ai/jjshoots/UA3SAC_gym
wandb:  View sweep at https://wandb.ai/jjshoots/UA3SAC_gym/sweeps/nktx8eqi
wandb:  View run at https://wandb.ai/jjshoots/UA3SAC_gym/runs/7rrukero
wandb: Run data is saved locally in /home/taij/e2sac/wandb/run-20211103_143319-7rrukero
wandb: Run `wandb offline` to turn off syncing.
