wandb: Starting wandb agent 🕵️
2021-11-03 19:56:07,578 - wandb.wandb_agent - INFO - Running runs: []
2021-11-03 19:56:07,919 - wandb.wandb_agent - INFO - Agent received command: run
2021-11-03 19:56:07,920 - wandb.wandb_agent - INFO - Agent starting run with config:
	ac_update_ratio: 4
	confidence_scale: 1.5484240240575282
	target_entropy: 1.9412180307366529
	use_entropy: False
2021-11-03 19:56:07,936 - wandb.wandb_agent - INFO - About to run command: python3 src/main.py --train --wandb
wandb: Currently logged in as: jjshoots (use `wandb login --relogin` to force relogin)
wandb: WARNING Ignored wandb.init() arg project when running a sweep
wandb: WARNING Ignored wandb.init() arg entity when running a sweep
-----------------------
Using Device cuda:0
-----------------------
wandb: wandb version 0.12.6 is available!  To upgrade, please run:
wandb:  $ pip install wandb --upgrade
2021-11-03 19:56:12,946 - wandb.wandb_agent - INFO - Running runs: ['tg0oyh2e']
wandb: Tracking run with wandb version 0.12.0
wandb: Syncing run 94278
wandb:  View project at https://wandb.ai/jjshoots/UA3SAC_gym
wandb:  View sweep at https://wandb.ai/jjshoots/UA3SAC_gym/sweeps/nktx8eqi
wandb:  View run at https://wandb.ai/jjshoots/UA3SAC_gym/runs/tg0oyh2e
wandb: Run data is saved locally in /home/taij/e2sac/wandb/run-20211103_195610-tg0oyh2e
wandb: Run `wandb offline` to turn off syncing.
502 response executing GraphQL.

<html><head>
<meta http-equiv="content-type" content="text/html;charset=utf-8">
<title>502 Server Error</title>
</head>
<body text=#000000 bgcolor=#ffffff>
<h1>Error: Server Error</h1>
<h2>The server encountered a temporary error and could not complete your request.<p>Please try again in 30 seconds.</h2>
<h2></h2>
</body></html>

