wandb: Starting wandb agent 🕵️
2021-11-04 20:05:03,809 - wandb.wandb_agent - INFO - Running runs: []
2021-11-04 20:05:04,453 - wandb.wandb_agent - INFO - Agent received command: run
2021-11-04 20:05:04,453 - wandb.wandb_agent - INFO - Agent starting run with config:
	ac_update_ratio: 4
	confidence_scale: 4.916637717265388
	target_entropy: 0.15797266813341526
	use_entropy: True
2021-11-04 20:05:04,479 - wandb.wandb_agent - INFO - About to run command: python3 src/main.py --train --wandb
2021-11-04 20:05:09,488 - wandb.wandb_agent - INFO - Running runs: ['0pkhm7vc']
wandb: Currently logged in as: jjshoots (use `wandb login --relogin` to force relogin)
wandb: WARNING Ignored wandb.init() arg project when running a sweep
wandb: WARNING Ignored wandb.init() arg entity when running a sweep
-----------------------
Using Device cuda:0
-----------------------
wandb: wandb version 0.12.6 is available!  To upgrade, please run:
wandb:  $ pip install wandb --upgrade
wandb: Tracking run with wandb version 0.12.0
wandb: Syncing run 61402
wandb:  View project at https://wandb.ai/jjshoots/UA3SAC_gym
wandb:  View sweep at https://wandb.ai/jjshoots/UA3SAC_gym/sweeps/nktx8eqi
wandb:  View run at https://wandb.ai/jjshoots/UA3SAC_gym/runs/0pkhm7vc
wandb: Run data is saved locally in /home/taij/e2sac/wandb/run-20211104_200509-0pkhm7vc
wandb: Run `wandb offline` to turn off syncing.
