flatpak: /share/apps/Anaconda3_2020.11/lib/libuuid.so.1: no version information available (required by /usr/lib64/libappstream-glib.so.8)
flatpak: /share/apps/Anaconda3_2020.11/lib/libuuid.so.1: no version information available (required by /usr/lib64/libblkid.so.1)

CommandNotFoundError: Your shell has not been properly configured to use 'conda activate'.
To initialize your shell, run

    $ conda init <SHELL_NAME>

Currently supported shells are:
  - bash
  - fish
  - tcsh
  - xonsh
  - zsh
  - powershell

See 'conda init --help' for more information and options.

IMPORTANT: You may need to close and restart your shell after running 'conda init'.


wandb: Starting wandb agent 🕵️
2021-10-21 21:27:46,429 - wandb.wandb_agent - INFO - Running runs: []
2021-10-21 21:27:46,709 - wandb.wandb_agent - INFO - Agent received command: run
2021-10-21 21:27:46,710 - wandb.wandb_agent - INFO - Agent starting run with config:
	ac_update_ratio: 1
	confidence_scale: 0.809288881040579
	target_entropy: -0.6614892879682515
	use_entropy: False
2021-10-21 21:27:46,733 - wandb.wandb_agent - INFO - About to run command: python3 src/main.py --train --wandb
2021-10-21 21:27:51,743 - wandb.wandb_agent - INFO - Running runs: ['1v6fm5a1']
wandb: Currently logged in as: jjshoots (use `wandb login --relogin` to force relogin)
wandb: WARNING Ignored wandb.init() arg project when running a sweep
wandb: WARNING Ignored wandb.init() arg entity when running a sweep
-----------------------
Using Device cuda:0
-----------------------
wandb: wandb version 0.12.5 is available!  To upgrade, please run:
wandb:  $ pip install wandb --upgrade
wandb: Tracking run with wandb version 0.12.0
wandb: Syncing run 80154
wandb:  View project at https://wandb.ai/jjshoots/UA3SAC_gym
wandb:  View sweep at https://wandb.ai/jjshoots/UA3SAC_gym/sweeps/m9xb4ct7
wandb:  View run at https://wandb.ai/jjshoots/UA3SAC_gym/runs/1v6fm5a1
wandb: Run data is saved locally in /home/taij/e2sac/wandb/run-20211021_212755-1v6fm5a1
wandb: Run `wandb offline` to turn off syncing.
2021-10-23 13:14:36,427 - wandb.wandb_agent - INFO - Agent received command: stop
2021-10-23 13:14:36,428 - wandb.wandb_agent - INFO - Stop: 1v6fm5a1
2021-10-23 13:14:41,433 - wandb.wandb_agent - INFO - Cleaning up finished run: 1v6fm5a1
wandb: Terminating and syncing runs. Press ctrl-c to kill.
/home/taij/.conda/envs/robocar/lib/python3.8/multiprocessing/resource_tracker.py:216: UserWarning: resource_tracker: There appear to be 6 leaked semaphore objects to clean up at shutdown
  warnings.warn('resource_tracker: There appear to be %d '
