wandb: Starting wandb agent 🕵️
2021-11-03 12:02:06,638 - wandb.wandb_agent - INFO - Running runs: []
2021-11-03 12:02:07,074 - wandb.wandb_agent - INFO - Agent received command: run
2021-11-03 12:02:07,075 - wandb.wandb_agent - INFO - Agent starting run with config:
	ac_update_ratio: 4
	confidence_scale: 5.6221724534480515
	target_entropy: 0.8996216123679694
	use_entropy: False
2021-11-03 12:02:07,142 - wandb.wandb_agent - INFO - About to run command: python3 src/main.py --train --wandb
2021-11-03 12:02:12,151 - wandb.wandb_agent - INFO - Running runs: ['ya9466r5']
wandb: Currently logged in as: jjshoots (use `wandb login --relogin` to force relogin)
wandb: WARNING Ignored wandb.init() arg project when running a sweep
wandb: WARNING Ignored wandb.init() arg entity when running a sweep
-----------------------
Using Device cuda:0
-----------------------
wandb: wandb version 0.12.6 is available!  To upgrade, please run:
wandb:  $ pip install wandb --upgrade
wandb: Tracking run with wandb version 0.12.0
wandb: Syncing run 53944
wandb:  View project at https://wandb.ai/jjshoots/UA3SAC_gym
wandb:  View sweep at https://wandb.ai/jjshoots/UA3SAC_gym/sweeps/nktx8eqi
wandb:  View run at https://wandb.ai/jjshoots/UA3SAC_gym/runs/ya9466r5
wandb: Run data is saved locally in /home/taij/e2sac/wandb/run-20211103_120217-ya9466r5
wandb: Run `wandb offline` to turn off syncing.
